<?xml version="1.0" encoding="UTF-8"?>
<testsuite xmlns:xsi="http://www.w3.org/2001/XMLSchema-instance" xsi:schemaLocation="https://maven.apache.org/surefire/maven-surefire-plugin/xsd/surefire-test-report.xsd" name="com.edurekademo.utilities.TestGenericComparator" time="0.028" tests="14" errors="0" skipped="0" failures="0">
  <properties>
    <property name="java.runtime.name" value="Java(TM) SE Runtime Environment"/>
    <property name="java.vm.version" value="11.0.10+8-LTS-162"/>
    <property name="sun.boot.library.path" value="C:\Program Files\Java\jdk-11.0.10\bin"/>
    <property name="maven.multiModuleProjectDirectory" value="C:/Users/Babu/DevOpsAddressBook"/>
    <property name="java.vm.vendor" value="Oracle Corporation"/>
    <property name="java.vendor.url" value="https://openjdk.java.net/"/>
    <property name="guice.disable.misplaced.annotation.check" value="true"/>
    <property name="path.separator" value=";"/>
    <property name="java.vm.name" value="Java HotSpot(TM) 64-Bit Server VM"/>
    <property name="sun.os.patch.level" value=""/>
    <property name="user.script" value=""/>
    <property name="user.country" value="IN"/>
    <property name="sun.java.launcher" value="SUN_STANDARD"/>
    <property name="java.vm.specification.name" value="Java Virtual Machine Specification"/>
    <property name="user.dir" value="C:\Users\Babu\DevOpsAddressBook"/>
    <property name="java.vm.compressedOopsMode" value="32-bit"/>
    <property name="java.runtime.version" value="11.0.10+8-LTS-162"/>
    <property name="java.awt.graphicsenv" value="sun.awt.Win32GraphicsEnvironment"/>
    <property name="os.arch" value="amd64"/>
    <property name="java.io.tmpdir" value="C:\Users\CBABU~1\AppData\Local\Temp\"/>
    <property name="line.separator" value="&#10;"/>
    <property name="java.vm.specification.vendor" value="Oracle Corporation"/>
    <property name="user.variant" value=""/>
    <property name="os.name" value="Windows 10"/>
    <property name="classworlds.conf" value="E:/Softwares/apache-maven-3.8.6-bin/apache-maven-3.8.6/bin/m2.conf"/>
    <property name="sun.jnu.encoding" value="Cp1252"/>
    <property name="java.library.path" value="C:\Program Files\Java\jdk-11.0.10\bin;C:\WINDOWS\Sun\Java\bin;C:\WINDOWS\system32;C:\WINDOWS;C:\Users\C Babu\bin;C:\Program Files\Git\mingw64\bin;C:\Program Files\Git\usr\local\bin;C:\Program Files\Git\usr\bin;C:\Program Files\Git\usr\bin;C:\Program Files\Git\mingw64\bin;C:\Program Files\Git\usr\bin;C:\Users\C Babu\bin;C:\Python311\Scripts;C:\Python311;C:\ProgramData\chocolatey\bin;C:\Program Files\Git\cmd;C:\WINDOWS\system32;C:\WINDOWS;C:\WINDOWS\System32\Wbem;C:\WINDOWS\System32\WindowsPowerShell\v1.0;C:\WINDOWS\System32\OpenSSH;C:\bin;E:\Softwares\apache-maven-3.8.6-bin\apache-maven-3.8.6\bin;C:\Users\C Babu\.p2\pool\plugins\org.eclipse.justj.openjdk.hotspot.jre.full.win32.x86_64_18.0.1.v20220515-1614\jre\bin;C:\Program Files\PuTTY;C:\Program Files\Amazon\AWSCLIV2;C:\Users\C Babu\Downloads\chromedriver_win32 (2);C:\Users\C Babu\.pyenv\pyenv-win\bin;C:\Users\C Babu\AppData\Roaming\Python\Scripts;C:\MinGW\bin;C:\Program Files\CMake\bin;C:\ProgramData\miniconda3;C:\Users\C Babu\AppData\Local\Programs\Python\Python311;C:\Users\C Babu\AppData\Local\Programs\Python\Python311\Scripts;C:\Users\C Babu\AppData\Local\Microsoft\WindowsApps\python.exe;C:\Users\C Babu\AppData\Local\Microsoft\WindowsApps;C:\Users\C Babu\Downloads\sonar-scanner-4.4.0.2170\bin;C:\Users\Babu\terraform;E:\Softwares\apache-maven-3.8.6-bin\apache-maven-3.8.6\bin;C:\Users\C Babu\.pyenv\pyenv-win\bin;C:\Users\C Babu\.pyenv\pyenv-win\shims;C:\Users\C Babu\AppData\Roaming\Python\Scripts;C:\ProgramData\miniconda3;C:\Python311\Scripts;C:\Python311;C:\Users\C Babu\AppData\Local\Programs\Microsoft VS Code\bin;C:\Program Files\Git\usr\bin\vendor_perl;C:\Program Files\Git\usr\bin\core_perl;."/>
    <property name="maven.conf" value="E:/Softwares/apache-maven-3.8.6-bin/apache-maven-3.8.6/conf"/>
    <property name="jdk.debug" value="release"/>
    <property name="java.class.version" value="55.0"/>
    <property name="java.specification.name" value="Java Platform API Specification"/>
    <property name="sun.management.compiler" value="HotSpot 64-Bit Tiered Compilers"/>
    <property name="os.version" value="10.0"/>
    <property name="library.jansi.path" value="E:/Softwares/apache-maven-3.8.6-bin/apache-maven-3.8.6/lib/jansi-native"/>
    <property name="user.home" value="C:\Users\C Babu"/>
    <property name="user.timezone" value="Asia/Calcutta"/>
    <property name="java.awt.printerjob" value="sun.awt.windows.WPrinterJob"/>
    <property name="file.encoding" value="Cp1252"/>
    <property name="java.specification.version" value="11"/>
    <property name="user.name" value="C Babu"/>
    <property name="java.class.path" value="E:/Softwares/apache-maven-3.8.6-bin/apache-maven-3.8.6/boot/plexus-classworlds-2.6.0.jar"/>
    <property name="java.vm.specification.version" value="11"/>
    <property name="sun.arch.data.model" value="64"/>
    <property name="sun.java.command" value="org.codehaus.plexus.classworlds.launcher.Launcher package"/>
    <property name="java.home" value="C:\Program Files\Java\jdk-11.0.10"/>
    <property name="user.language" value="en"/>
    <property name="java.specification.vendor" value="Oracle Corporation"/>
    <property name="awt.toolkit" value="sun.awt.windows.WToolkit"/>
    <property name="java.vm.info" value="mixed mode"/>
    <property name="java.version" value="11.0.10"/>
    <property name="java.vendor" value="Oracle Corporation"/>
    <property name="maven.home" value="E:\Softwares\apache-maven-3.8.6-bin\apache-maven-3.8.6"/>
    <property name="file.separator" value="\"/>
    <property name="java.version.date" value="2021-01-19"/>
    <property name="java.vendor.url.bug" value="https://bugreport.java.com/bugreport/"/>
    <property name="sun.io.unicode.encoding" value="UnicodeLittle"/>
    <property name="sun.cpu.endian" value="little"/>
    <property name="java.vendor.version" value="18.9"/>
    <property name="sun.desktop" value="windows"/>
    <property name="sun.cpu.isalist" value="amd64"/>
  </properties>
  <testcase name="testSortEmpNameAscNewComparator3Element" classname="com.edurekademo.utilities.TestGenericComparator" time="0.02"/>
  <testcase name="testSortEmpNameDescNewComparator3Element" classname="com.edurekademo.utilities.TestGenericComparator" time="0.001"/>
  <testcase name="testSortEmpIDAsc" classname="com.edurekademo.utilities.TestGenericComparator" time="0.001"/>
  <testcase name="testSortEmpIDDesc" classname="com.edurekademo.utilities.TestGenericComparator" time="0"/>
  <testcase name="testDoubleSort" classname="com.edurekademo.utilities.TestGenericComparator" time="0"/>
  <testcase name="testSortEmpNameAsc" classname="com.edurekademo.utilities.TestGenericComparator" time="0.001"/>
  <testcase name="testSortEmpSpare2StringAsc" classname="com.edurekademo.utilities.TestGenericComparator" time="0"/>
  <testcase name="testSortEmpSpare2StringDesc" classname="com.edurekademo.utilities.TestGenericComparator" time="0.001"/>
  <testcase name="testSortEmpSpareAsc2" classname="com.edurekademo.utilities.TestGenericComparator" time="0.001"/>
  <testcase name="testSortEmpNameDesc" classname="com.edurekademo.utilities.TestGenericComparator" time="0"/>
  <testcase name="testSortEmpNameAscNewComparator" classname="com.edurekademo.utilities.TestGenericComparator" time="0"/>
  <testcase name="testSortEmpSpareDesc2" classname="com.edurekademo.utilities.TestGenericComparator" time="0"/>
  <testcase name="testSortEmpSpareDesc" classname="com.edurekademo.utilities.TestGenericComparator" time="0.001"/>
  <testcase name="testSortEmpSpareAsc" classname="com.edurekademo.utilities.TestGenericComparator" time="0"/>
</testsuite>